#
# A fatal error has been detected by the Java Runtime Environment:
#
#  EXCEPTION_ACCESS_VIOLATION (0xc0000005) at pc=0x00007ffe273a48f5, pid=11492, tid=0x00000000000021cc
#
# JRE version: Java(TM) SE Runtime Environment (8.0_131-b11) (build 1.8.0_131-b11)
# Java VM: Java HotSpot(TM) 64-Bit Server VM (25.131-b11 mixed mode windows-amd64 compressed oops)
# Problematic frame:
# C  [openalpr.dll+0x548f5]
#
# Failed to write core dump. Minidumps are not enabled by default on client versions of Windows
#
# If you would like to submit a bug report, please visit:
#   http://bugreport.java.com/bugreport/crash.jsp
# The crash happened outside the Java Virtual Machine in native code.
# See problematic frame for where to report the bug.
#

---------------  T H R E A D  ---------------

Current thread (0x0000000002a50800):  JavaThread "main" [_thread_in_native, id=8652, stack(0x0000000002900000,0x0000000002a00000)]

siginfo: ExceptionCode=0xc0000005, reading address 0x0000000000000008

Registers:
RAX=0x000030bb33a2d185, RBX=0x00000000029fe600, RCX=0x0000000000000000, RDX=0x00000000029fe840
RSP=0x00000000029fdd20, RBP=0x00000000029fde20, RSI=0x0000000000000000, RDI=0x00000000029fe840
R8 =0x00000000029fe600, R9 =0x00000000029fdfd8, R10=0x000000001decc020, R11=0x0000000000000000
R12=0x0000000000000000, R13=0x0000000000000000, R14=0x00000000029feaf0, R15=0x0000000000c384d0
RIP=0x00007ffe273a48f5, EFLAGS=0x0000000000010246

Top of Stack: (sp=0x00000000029fdd20)
0x00000000029fdd20:   0000000000c00000 00007ffe74dcaf7e
0x00000000029fdd30:   000000001decc158 000abd6a00000000
0x00000000029fdd40:   0000000000000010 000b09f600000000
0x00000000029fdd50:   000b303c000b1d19 000b5682000b435f
0x00000000029fdd60:   000b7cc8000b69a5 000ba30e000b8feb
0x00000000029fdd70:   000bc954000bb631 000bef9a000bdc77
0x00000000029fdd80:   000c15e000000000 000c3c26000c2903
0x00000000029fdd90:   000c626c000c4f49 000c88b2000c758f
0x00000000029fdda0:   000caef8000c9bd5 000cd53e00000002
0x00000000029fddb0:   000cfb84000ce861 000d21ca000d0ea7
0x00000000029fddc0:   000d4810000d34ed 000d6e56000d5b33
0x00000000029fddd0:   000d949c000d8179 000dbae2000da7bf
0x00000000029fdde0:   000de128000dce05 0000000000000000
0x00000000029fddf0:   000e2db4000e1a91 000e53fa000e40d7
0x00000000029fde00:   fffffffffffffffe 00000000029fe840
0x00000000029fde10:   00000000029fe600 000eed12000ed9ef 

Instructions: (pc=0x00007ffe273a48f5)
0x00007ffe273a48d5:   48 89 85 e0 00 00 00 49 8b d8 48 8b fa 48 8b f1
0x00007ffe273a48e5:   48 89 55 e8 48 89 5d f0 45 33 e4 44 89 64 24 60
0x00007ffe273a48f5:   44 38 61 08 75 63 48 8b 41 10 44 38 a0 fa 01 00
0x00007ffe273a4905:   00 74 23 48 8d 15 e1 e9 18 00 48 8b 0d ea 78 18 


Register to memory mapping:

RAX=0x000030bb33a2d185 is an unknown value
RBX=0x00000000029fe600 is pointing into the stack for thread: 0x0000000002a50800
RCX=0x0000000000000000 is an unknown value
RDX=0x00000000029fe840 is pointing into the stack for thread: 0x0000000002a50800
RSP=0x00000000029fdd20 is pointing into the stack for thread: 0x0000000002a50800
RBP=0x00000000029fde20 is pointing into the stack for thread: 0x0000000002a50800
RSI=0x0000000000000000 is an unknown value
RDI=0x00000000029fe840 is pointing into the stack for thread: 0x0000000002a50800
R8 =0x00000000029fe600 is pointing into the stack for thread: 0x0000000002a50800
R9 =0x00000000029fdfd8 is pointing into the stack for thread: 0x0000000002a50800
R10=0x000000001decc020 is an unknown value
R11=0x0000000000000000 is an unknown value
R12=0x0000000000000000 is an unknown value
R13=0x0000000000000000 is an unknown value
R14=0x00000000029feaf0 is pointing into the stack for thread: 0x0000000002a50800
R15=0x0000000000c384d0 is an unknown value


Stack: [0x0000000002900000,0x0000000002a00000],  sp=0x00000000029fdd20,  free space=1015k
Native frames: (J=compiled Java code, j=interpreted, Vv=VM code, C=native code)
C  [openalpr.dll+0x548f5]
C  [openalpr.dll+0x19758]
C  [openalpr.dll+0x18fa4]
C  [openalpr.dll+0x18ea5]
C  [openalpr.dll+0x18959]
C  [openalpr.dll+0xf39a]
C  [openalprjni.dll+0x2cab]
C  0x0000000002c07f74

Java frames: (J=compiled Java code, j=interpreted, Vv=VM code)
j  com.openalpr.jni.Alpr.native_recognize([B)Ljava/lang/String;+0
j  com.openalpr.jni.Alpr.recognize([B)Lcom/openalpr/jni/AlprResults;+2
j  alpr.numberPlateRecognition.main([Ljava/lang/String;)V+69
v  ~StubRoutines::call_stub

---------------  P R O C E S S  ---------------

Java Threads: ( => current thread )
  0x000000001bde8800 JavaThread "Service Thread" daemon [_thread_blocked, id=12232, stack(0x000000001d6d0000,0x000000001d7d0000)]
  0x000000001bd94000 JavaThread "C1 CompilerThread2" daemon [_thread_blocked, id=9996, stack(0x000000001d5d0000,0x000000001d6d0000)]
  0x000000001bd8f000 JavaThread "C2 CompilerThread1" daemon [_thread_blocked, id=11304, stack(0x000000001d4d0000,0x000000001d5d0000)]
  0x000000001bd8d000 JavaThread "C2 CompilerThread0" daemon [_thread_blocked, id=6376, stack(0x000000001d3d0000,0x000000001d4d0000)]
  0x000000001bd8b000 JavaThread "Attach Listener" daemon [_thread_blocked, id=14264, stack(0x000000001d2d0000,0x000000001d3d0000)]
  0x000000001bd89800 JavaThread "Signal Dispatcher" daemon [_thread_blocked, id=15448, stack(0x000000001d1d0000,0x000000001d2d0000)]
  0x000000001bd7a000 JavaThread "Finalizer" daemon [_thread_blocked, id=15580, stack(0x000000001cfe0000,0x000000001d0e0000)]
  0x000000001bd59000 JavaThread "Reference Handler" daemon [_thread_blocked, id=7672, stack(0x000000001cee0000,0x000000001cfe0000)]
=>0x0000000002a50800 JavaThread "main" [_thread_in_native, id=8652, stack(0x0000000002900000,0x0000000002a00000)]

Other Threads:
  0x000000001bd57000 VMThread [stack: 0x000000001cde0000,0x000000001cee0000] [id=15252]
  0x000000001bded800 WatcherThread [stack: 0x000000001dbd0000,0x000000001dcd0000] [id=8988]

VM state:not at safepoint (normal execution)

VM Mutex/Monitor currently owned by a thread: None

Heap:
 PSYoungGen      total 74240K, used 2560K [0x000000076da00000, 0x0000000772c80000, 0x00000007c0000000)
  eden space 64000K, 4% used [0x000000076da00000,0x000000076dc80028,0x0000000771880000)
  from space 10240K, 0% used [0x0000000772280000,0x0000000772280000,0x0000000772c80000)
  to   space 10240K, 0% used [0x0000000771880000,0x0000000771880000,0x0000000772280000)
 ParOldGen       total 169472K, used 0K [0x00000006c8e00000, 0x00000006d3380000, 0x000000076da00000)
  object space 169472K, 0% used [0x00000006c8e00000,0x00000006c8e00000,0x00000006d3380000)
 Metaspace       used 2934K, capacity 4496K, committed 4864K, reserved 1056768K
  class space    used 331K, capacity 388K, committed 512K, reserved 1048576K

Card table byte_map: [0x0000000011fb0000,0x0000000012770000] byte_map_base: 0x000000000e969000

Marking Bits: (ParMarkBitMap*) 0x00000000682dc720
 Begin Bits: [0x00000000130a0000, 0x0000000016e68000)
 End Bits:   [0x0000000016e68000, 0x000000001ac30000)

Polling page: 0x0000000001110000

CodeCache: size=245760Kb used=1126Kb max_used=1126Kb free=244633Kb
 bounds [0x0000000002bf0000, 0x0000000002e60000, 0x0000000011bf0000]
 total_blobs=293 nmethods=29 adapters=178
 compilation: enabled

Compilation events (10 events):
Event: 0.701 Thread 0x000000001bd94000   25       3       java.lang.Character::toUpperCase (9 bytes)
Event: 0.701 Thread 0x000000001bd94000 nmethod 25 0x0000000002d03e90 code [0x0000000002d04000, 0x0000000002d04238]
Event: 0.701 Thread 0x000000001bd94000   26       3       java.lang.CharacterDataLatin1::toUpperCase (53 bytes)
Event: 0.701 Thread 0x000000001bd94000 nmethod 26 0x0000000002d038d0 code [0x0000000002d03a40, 0x0000000002d03d30]
Event: 0.709 Thread 0x000000001bd94000   27       3       java.lang.String::startsWith (72 bytes)
Event: 0.709 Thread 0x000000001bd94000 nmethod 27 0x0000000002d03250 code [0x0000000002d033c0, 0x0000000002d036f0]
Event: 1.253 Thread 0x000000001bd94000   28       3       java.lang.System::getSecurityManager (4 bytes)
Event: 1.253 Thread 0x000000001bd94000 nmethod 28 0x0000000002d02f50 code [0x0000000002d030a0, 0x0000000002d031f0]
Event: 1.388 Thread 0x000000001bd94000   29       3       java.lang.String::equals (81 bytes)
Event: 1.388 Thread 0x000000001bd94000 nmethod 29 0x0000000002d08610 code [0x0000000002d087a0, 0x0000000002d08cf0]

GC Heap History (0 events):
No events

Deoptimization events (0 events):
No events

Internal exceptions (2 events):
Event: 0.372 Thread 0x0000000002a50800 Exception <a 'java/lang/NoSuchMethodError': Method sun.misc.Unsafe.defineClass(Ljava/lang/String;[BII)Ljava/lang/Class; name or signature does not match> (0x000000076da07ca8) thrown at [C:\re\workspace\8-2-build-windows-amd64-cygwin\jdk8u131\8869\hotspot\
Event: 0.372 Thread 0x0000000002a50800 Exception <a 'java/lang/NoSuchMethodError': Method sun.misc.Unsafe.prefetchRead(Ljava/lang/Object;J)V name or signature does not match> (0x000000076da07f90) thrown at [C:\re\workspace\8-2-build-windows-amd64-cygwin\jdk8u131\8869\hotspot\src\share\vm\prims

Events (10 events):
Event: 1.389 loading class sun/nio/ch/Util
Event: 1.389 loading class sun/nio/ch/Util done
Event: 1.389 loading class sun/nio/ch/Util$2
Event: 1.409 loading class sun/nio/ch/Util$2 done
Event: 1.409 loading class sun/nio/ch/Util$1
Event: 1.409 loading class sun/nio/ch/Util$1 done
Event: 1.409 loading class sun/nio/ch/Util$BufferCache
Event: 1.410 loading class sun/nio/ch/Util$BufferCache done
Event: 1.410 loading class java/nio/DirectByteBuffer$Deallocator
Event: 1.410 loading class java/nio/DirectByteBuffer$Deallocator done


Dynamic libraries:
0x00007ff67e770000 - 0x00007ff67e7a7000 	C:\Program Files\Java\jre1.8.0_131\bin\javaw.exe
0x00007ffe74da0000 - 0x00007ffe74f7b000 	C:\WINDOWS\SYSTEM32\ntdll.dll
0x00007ffe74580000 - 0x00007ffe7462e000 	C:\WINDOWS\System32\KERNEL32.DLL
0x00007ffe71f00000 - 0x00007ffe72149000 	C:\WINDOWS\System32\KERNELBASE.dll
0x00007ffe74b50000 - 0x00007ffe74bf1000 	C:\WINDOWS\System32\ADVAPI32.dll
0x00007ffe73990000 - 0x00007ffe73a2d000 	C:\WINDOWS\System32\msvcrt.dll
0x00007ffe73ca0000 - 0x00007ffe73cf9000 	C:\WINDOWS\System32\sechost.dll
0x00007ffe74630000 - 0x00007ffe74755000 	C:\WINDOWS\System32\RPCRT4.dll
0x00007ffe72300000 - 0x00007ffe7244a000 	C:\WINDOWS\System32\USER32.dll
0x00007ffe722e0000 - 0x00007ffe722fe000 	C:\WINDOWS\System32\win32u.dll
0x00007ffe72450000 - 0x00007ffe72477000 	C:\WINDOWS\System32\GDI32.dll
0x00007ffe72150000 - 0x00007ffe722d8000 	C:\WINDOWS\System32\gdi32full.dll
0x00007ffe71e00000 - 0x00007ffe71e9a000 	C:\WINDOWS\System32\msvcp_win.dll
0x00007ffe71d00000 - 0x00007ffe71df6000 	C:\WINDOWS\System32\ucrtbase.dll
0x00007ffe56b30000 - 0x00007ffe56d97000 	C:\WINDOWS\WinSxS\amd64_microsoft.windows.common-controls_6595b64144ccf1df_6.0.15063.483_none_26002d27e7c744a2\COMCTL32.dll
0x00007ffe73d00000 - 0x00007ffe73ff9000 	C:\WINDOWS\System32\combase.dll
0x00007ffe71490000 - 0x00007ffe714fa000 	C:\WINDOWS\System32\bcryptPrimitives.dll
0x00007ffe72480000 - 0x00007ffe724ad000 	C:\WINDOWS\System32\IMM32.DLL
0x0000000069e20000 - 0x0000000069ef2000 	C:\Program Files\Java\jre1.8.0_131\bin\msvcr100.dll
0x0000000067ac0000 - 0x000000006835c000 	C:\Program Files\Java\jre1.8.0_131\bin\server\jvm.dll
0x00007ffe73a30000 - 0x00007ffe73a38000 	C:\WINDOWS\System32\PSAPI.DLL
0x00007ffe6dd50000 - 0x00007ffe6dd5a000 	C:\WINDOWS\SYSTEM32\VERSION.dll
0x00007ffe6f440000 - 0x00007ffe6f463000 	C:\WINDOWS\SYSTEM32\WINMM.dll
0x00007ffe55360000 - 0x00007ffe55369000 	C:\WINDOWS\SYSTEM32\WSOCK32.dll
0x00007ffe740d0000 - 0x00007ffe7413c000 	C:\WINDOWS\System32\WS2_32.dll
0x00007ffe6f410000 - 0x00007ffe6f43b000 	C:\WINDOWS\SYSTEM32\WINMMBASE.dll
0x00007ffe71c00000 - 0x00007ffe71c49000 	C:\WINDOWS\System32\cfgmgr32.dll
0x0000000069a80000 - 0x0000000069a8f000 	C:\Program Files\Java\jre1.8.0_131\bin\verify.dll
0x0000000069320000 - 0x0000000069349000 	C:\Program Files\Java\jre1.8.0_131\bin\java.dll
0x0000000069a60000 - 0x0000000069a76000 	C:\Program Files\Java\jre1.8.0_131\bin\zip.dll
0x00007ffe72550000 - 0x00007ffe73986000 	C:\WINDOWS\System32\SHELL32.dll
0x00007ffe74760000 - 0x00007ffe7480a000 	C:\WINDOWS\System32\shcore.dll
0x00007ffe71500000 - 0x00007ffe71bf3000 	C:\WINDOWS\System32\windows.storage.dll
0x00007ffe74ce0000 - 0x00007ffe74d31000 	C:\WINDOWS\System32\shlwapi.dll
0x00007ffe712a0000 - 0x00007ffe712b1000 	C:\WINDOWS\System32\kernel.appcore.dll
0x00007ffe71230000 - 0x00007ffe7127c000 	C:\WINDOWS\System32\powrprof.dll
0x00007ffe71210000 - 0x00007ffe71225000 	C:\WINDOWS\System32\profapi.dll
0x00007ffe6e1f0000 - 0x00007ffe6e1fc000 	E:\openalpr-2.3.0\NumberPlateDetection\NumberPlate\jni\openalprjni.dll
0x00007ffe69d30000 - 0x00007ffe69d47000 	C:\WINDOWS\SYSTEM32\VCRUNTIME140.dll
0x00007ffe4e3b0000 - 0x00007ffe4e44e000 	C:\WINDOWS\SYSTEM32\MSVCP140.dll
0x00007ffe710d0000 - 0x00007ffe710db000 	C:\WINDOWS\SYSTEM32\CRYPTBASE.DLL
0x00007ffe27350000 - 0x00007ffe278a8000 	E:\openalpr-2.3.0\openalpr_64\openalpr.dll
0x00007ffe43860000 - 0x00007ffe43b56000 	E:\openalpr-2.3.0\openalpr_64\liblept170.dll
0x00007ffe20330000 - 0x00007ffe210af000 	E:\openalpr-2.3.0\openalpr_64\opencv_world300.dll
0x00007ffe73b50000 - 0x00007ffe73c95000 	C:\WINDOWS\System32\ole32.dll
0x00007ffe74010000 - 0x00007ffe740d0000 	C:\WINDOWS\System32\OLEAUT32.dll
0x00007ffe73a40000 - 0x00007ffe73b48000 	C:\WINDOWS\System32\COMDLG32.dll
0x00007ffe63e90000 - 0x00007ffe63eb9000 	C:\WINDOWS\SYSTEM32\MSVFW32.dll
0x00007ffe621e0000 - 0x00007ffe62231000 	C:\WINDOWS\SYSTEM32\CONCRT140.dll
0x00007ffe62c70000 - 0x00007ffe62c8f000 	C:\WINDOWS\SYSTEM32\AVIFIL32.dll
0x00007ffe40c90000 - 0x00007ffe40cac000 	C:\WINDOWS\SYSTEM32\MSACM32.dll
0x00007ffe62650000 - 0x00007ffe62668000 	C:\WINDOWS\SYSTEM32\AVICAP32.dll
0x0000000069300000 - 0x000000006931a000 	C:\Program Files\Java\jre1.8.0_131\bin\net.dll
0x00007ffe70ac0000 - 0x00007ffe70b1c000 	C:\WINDOWS\system32\mswsock.dll
0x00000000692e0000 - 0x00000000692f1000 	C:\Program Files\Java\jre1.8.0_131\bin\nio.dll
0x00007ffe57960000 - 0x00007ffe5797e000 	C:\WINDOWS\SYSTEM32\OpenCL.dll
0x00007ffe4e340000 - 0x00007ffe4e3ab000 	C:\WINDOWS\System32\DriverStore\FileRepository\igdlh64.inf_amd64_1ee0e91871b217e3\IntelOpenCL64.dll
0x00007ffe48e10000 - 0x00007ffe48fe7000 	C:\Program Files (x86)\Common Files\Intel\OpenCL\bin\x64\intelocl64.dll
0x00007ffe4a9d0000 - 0x00007ffe4aaf1000 	C:\WINDOWS\SYSTEM32\OPENGL32.dll
0x00007ffe4abe0000 - 0x00007ffe4ac0c000 	C:\WINDOWS\SYSTEM32\GLU32.dll
0x00007ffe4e170000 - 0x00007ffe4e20e000 	C:\Program Files (x86)\Common Files\Intel\OpenCL\bin\x64\task_executor64.dll
0x00007ffe44bd0000 - 0x00007ffe44ca8000 	C:\Program Files (x86)\Common Files\Intel\OpenCL\bin\x64\cpu_device64.dll
0x00007ffe23e80000 - 0x00007ffe24551000 	C:\WINDOWS\System32\DriverStore\FileRepository\igdlh64.inf_amd64_1ee0e91871b217e3\igdrcl64.dll
0x00007ffe70210000 - 0x00007ffe702b4000 	C:\WINDOWS\SYSTEM32\dxgi.dll
0x00007ffe57850000 - 0x00007ffe57897000 	C:\WINDOWS\System32\DriverStore\FileRepository\igdlh64.inf_amd64_1ee0e91871b217e3\igdfcl64.dll
0x00007ffe1fc90000 - 0x00007ffe2032c000 	C:\WINDOWS\System32\DriverStore\FileRepository\igdlh64.inf_amd64_1ee0e91871b217e3\igdmcl64.dll
0x00007ffe60b80000 - 0x00007ffe60d29000 	C:\WINDOWS\SYSTEM32\dbghelp.dll
0x00007ffe68bc0000 - 0x00007ffe69d1c000 	C:\WINDOWS\System32\DriverStore\FileRepository\igdlh64.inf_amd64_1ee0e91871b217e3\igc64.dll

VM Arguments:
jvm_args: -Djava.library.path=E:\openalpr-2.3.0\NumberPlateDetection\NumberPlate\jni -Dfile.encoding=Cp1252 
java_command: alpr.numberPlateRecognition
java_class_path (initial): E:\openalpr-2.3.0\NumberPlateDetection\NumberPlate\bin
Launcher Type: SUN_STANDARD

Environment Variables:
PATH=C:/Program Files/Java/jre1.8.0_131/bin/server;C:/Program Files/Java/jre1.8.0_131/bin;C:/Program Files/Java/jre1.8.0_131/lib/amd64;"C:\ProgramData\Oracle\Java\javapath;E:\openalpr-2.3.0\openalpr_64;E:\openalpr-2.3.0\openalpr_64";C:\WINDOWS\system32;C:\WINDOWS;C:\WINDOWS\System32\Wbem;C:\WINDOWS\System32\WindowsPowerShell\v1.0\;C:\Program Files (x86)\Skype\Phone\;C:\Program Files\Git\cmd;E:\apache-opennlp-1.8.0-bin.zip\apache-opennlp-1.8.0\bin;C:\Program Files\Java\jdk1.8.0_131\bin;C:\Program Files\Intel\WiFi\bin\;C:\Program Files\Common Files\Intel\WirelessCommon\;C:\Users\aptus\AppData\Local\Programs\Python\Python35\Scripts\;C:\Users\aptus\AppData\Local\Programs\Python\Python35\;C:\Users\aptus\AppData\Local\Programs\Python\Python36\Scripts\;C:\Users\aptus\AppData\Local\Programs\Python\Python36\;C:\Users\aptus\AppData\Local\Microsoft\WindowsApps;C:\Users\aptus\AppData\Local\atom\bin;C:\Users\aptus\Geckodriver;C:\Program Files\Intel\WiFi\bin\;C:\Program Files\Common Files\Intel\WirelessCommon\;E:\eclipse-jee-neon-3-win32-x86_64\eclipse;
USERNAME=aptus
OS=Windows_NT
PROCESSOR_IDENTIFIER=Intel64 Family 6 Model 78 Stepping 3, GenuineIntel



---------------  S Y S T E M  ---------------

OS: Windows 10.0 , 64 bit Build 15063 (10.0.15063.296)

CPU:total 4 (initial active 4) (2 cores per cpu, 2 threads per core) family 6 model 78 stepping 3, cmov, cx8, fxsr, mmx, sse, sse2, sse3, ssse3, sse4.1, sse4.2, popcnt, avx, avx2, aes, clmul, erms, 3dnowpref, lzcnt, ht, tsc, tscinvbit, bmi1, bmi2, adx

Memory: 4k page, physical 16190832k(9659704k free), swap 20122992k(9918156k free)

vm_info: Java HotSpot(TM) 64-Bit Server VM (25.131-b11) for windows-amd64 JRE (1.8.0_131-b11), built on Mar 15 2017 01:23:53 by "java_re" with MS VC++ 10.0 (VS2010)

time: Mon Oct 02 23:01:16 2017
elapsed time: 1 seconds (0d 0h 0m 1s)

