#
# A fatal error has been detected by the Java Runtime Environment:
#
#  EXCEPTION_ACCESS_VIOLATION (0xc0000005) at pc=0x00007ffe25fb48f5, pid=2660, tid=0x0000000000001dd0
#
# JRE version: Java(TM) SE Runtime Environment (8.0_131-b11) (build 1.8.0_131-b11)
# Java VM: Java HotSpot(TM) 64-Bit Server VM (25.131-b11 mixed mode windows-amd64 compressed oops)
# Problematic frame:
# C  [openalpr.dll+0x548f5]
#
# Failed to write core dump. Minidumps are not enabled by default on client versions of Windows
#
# If you would like to submit a bug report, please visit:
#   http://bugreport.java.com/bugreport/crash.jsp
# The crash happened outside the Java Virtual Machine in native code.
# See problematic frame for where to report the bug.
#

---------------  T H R E A D  ---------------

Current thread (0x0000000002920800):  JavaThread "main" [_thread_in_native, id=7632, stack(0x0000000002820000,0x0000000002920000)]

siginfo: ExceptionCode=0xc0000005, reading address 0x0000000000000008

Registers:
RAX=0x00003088df99cba5, RBX=0x000000000291ec50, RCX=0x0000000000000000, RDX=0x000000000291ee90
RSP=0x000000000291e370, RBP=0x000000000291e470, RSI=0x0000000000000000, RDI=0x000000000291ee90
R8 =0x000000000291ec50, R9 =0x000000000291e628, R10=0x000000001ddec020, R11=0x0000000000000000
R12=0x0000000000000000, R13=0x0000000000000000, R14=0x000000000291f140, R15=0x0000000000b564a0
RIP=0x00007ffe25fb48f5, EFLAGS=0x0000000000010246

Top of Stack: (sp=0x000000000291e370)
0x000000000291e370:   0000000000b20000 00007ffe74dcaf7e
0x000000000291e380:   000000001ddec158 000abd6a00000000
0x000000000291e390:   0000000000000010 000b09f600000000
0x000000000291e3a0:   000b303c000b1d19 000b5682000b435f
0x000000000291e3b0:   000b7cc8000b69a5 000ba30e000b8feb
0x000000000291e3c0:   000bc954000bb631 000bef9a000bdc77
0x000000000291e3d0:   000c15e000000000 000c3c26000c2903
0x000000000291e3e0:   000c626c000c4f49 000c88b2000c758f
0x000000000291e3f0:   000caef8000c9bd5 000cd53e00000002
0x000000000291e400:   000cfb84000ce861 000d21ca000d0ea7
0x000000000291e410:   000d4810000d34ed 000d6e56000d5b33
0x000000000291e420:   000d949c000d8179 000dbae2000da7bf
0x000000000291e430:   000de128000dce05 0000000000000000
0x000000000291e440:   000e2db4000e1a91 000e53fa000e40d7
0x000000000291e450:   fffffffffffffffe 000000000291ee90
0x000000000291e460:   000000000291ec50 000eed12000ed9ef 

Instructions: (pc=0x00007ffe25fb48f5)
0x00007ffe25fb48d5:   48 89 85 e0 00 00 00 49 8b d8 48 8b fa 48 8b f1
0x00007ffe25fb48e5:   48 89 55 e8 48 89 5d f0 45 33 e4 44 89 64 24 60
0x00007ffe25fb48f5:   44 38 61 08 75 63 48 8b 41 10 44 38 a0 fa 01 00
0x00007ffe25fb4905:   00 74 23 48 8d 15 e1 e9 18 00 48 8b 0d ea 78 18 


Register to memory mapping:

RAX=0x00003088df99cba5 is an unknown value
RBX=0x000000000291ec50 is pointing into the stack for thread: 0x0000000002920800
RCX=0x0000000000000000 is an unknown value
RDX=0x000000000291ee90 is pointing into the stack for thread: 0x0000000002920800
RSP=0x000000000291e370 is pointing into the stack for thread: 0x0000000002920800
RBP=0x000000000291e470 is pointing into the stack for thread: 0x0000000002920800
RSI=0x0000000000000000 is an unknown value
RDI=0x000000000291ee90 is pointing into the stack for thread: 0x0000000002920800
R8 =0x000000000291ec50 is pointing into the stack for thread: 0x0000000002920800
R9 =0x000000000291e628 is pointing into the stack for thread: 0x0000000002920800
R10=0x000000001ddec020 is an unknown value
R11=0x0000000000000000 is an unknown value
R12=0x0000000000000000 is an unknown value
R13=0x0000000000000000 is an unknown value
R14=0x000000000291f140 is pointing into the stack for thread: 0x0000000002920800
R15=0x0000000000b564a0 is an unknown value


Stack: [0x0000000002820000,0x0000000002920000],  sp=0x000000000291e370,  free space=1016k
Native frames: (J=compiled Java code, j=interpreted, Vv=VM code, C=native code)
C  [openalpr.dll+0x548f5]
C  [openalpr.dll+0x19758]
C  [openalpr.dll+0x18fa4]
C  [openalpr.dll+0x18ea5]
C  [openalpr.dll+0x18959]
C  [openalpr.dll+0xf39a]
C  [openalprjni.dll+0x2cab]
C  0x0000000002a37f74

Java frames: (J=compiled Java code, j=interpreted, Vv=VM code)
j  com.openalpr.jni.Alpr.native_recognize([B)Ljava/lang/String;+0
j  com.openalpr.jni.Alpr.recognize([B)Lcom/openalpr/jni/AlprResults;+2
j  alpr.numberPlateRecognition.main([Ljava/lang/String;)V+69
v  ~StubRoutines::call_stub

---------------  P R O C E S S  ---------------

Java Threads: ( => current thread )
  0x000000001d5c1000 JavaThread "Service Thread" daemon [_thread_blocked, id=10844, stack(0x000000001d990000,0x000000001da90000)]
  0x000000001bc3b000 JavaThread "C1 CompilerThread2" daemon [_thread_blocked, id=8436, stack(0x000000001d490000,0x000000001d590000)]
  0x000000001bc14000 JavaThread "C2 CompilerThread1" daemon [_thread_blocked, id=5132, stack(0x000000001d390000,0x000000001d490000)]
  0x000000001bc0e000 JavaThread "C2 CompilerThread0" daemon [_thread_blocked, id=13304, stack(0x000000001d290000,0x000000001d390000)]
  0x000000001bc0c000 JavaThread "Attach Listener" daemon [_thread_blocked, id=680, stack(0x000000001d190000,0x000000001d290000)]
  0x000000001bc0a800 JavaThread "Signal Dispatcher" daemon [_thread_blocked, id=16072, stack(0x000000001d090000,0x000000001d190000)]
  0x000000001bbfa800 JavaThread "Finalizer" daemon [_thread_blocked, id=12336, stack(0x000000001ce90000,0x000000001cf90000)]
  0x000000001bbd9000 JavaThread "Reference Handler" daemon [_thread_blocked, id=4784, stack(0x000000001cd90000,0x000000001ce90000)]
=>0x0000000002920800 JavaThread "main" [_thread_in_native, id=7632, stack(0x0000000002820000,0x0000000002920000)]

Other Threads:
  0x000000001bbd7800 VMThread [stack: 0x000000001cc90000,0x000000001cd90000] [id=13236]
  0x000000001d5c4800 WatcherThread [stack: 0x000000001da90000,0x000000001db90000] [id=11372]

VM state:not at safepoint (normal execution)

VM Mutex/Monitor currently owned by a thread: None

Heap:
 PSYoungGen      total 74240K, used 2560K [0x000000076da00000, 0x0000000772c80000, 0x00000007c0000000)
  eden space 64000K, 4% used [0x000000076da00000,0x000000076dc80028,0x0000000771880000)
  from space 10240K, 0% used [0x0000000772280000,0x0000000772280000,0x0000000772c80000)
  to   space 10240K, 0% used [0x0000000771880000,0x0000000771880000,0x0000000772280000)
 ParOldGen       total 169472K, used 0K [0x00000006c8e00000, 0x00000006d3380000, 0x000000076da00000)
  object space 169472K, 0% used [0x00000006c8e00000,0x00000006c8e00000,0x00000006d3380000)
 Metaspace       used 2934K, capacity 4496K, committed 4864K, reserved 1056768K
  class space    used 331K, capacity 388K, committed 512K, reserved 1048576K

Card table byte_map: [0x0000000011de0000,0x00000000125a0000] byte_map_base: 0x000000000e799000

Marking Bits: (ParMarkBitMap*) 0x00000000682dc720
 Begin Bits: [0x0000000012ed0000, 0x0000000016c98000)
 End Bits:   [0x0000000016c98000, 0x000000001aa60000)

Polling page: 0x0000000000b10000

CodeCache: size=245760Kb used=1128Kb max_used=1128Kb free=244631Kb
 bounds [0x0000000002a20000, 0x0000000002c90000, 0x0000000011a20000]
 total_blobs=294 nmethods=30 adapters=178
 compilation: enabled

Compilation events (10 events):
Event: 0.106 Thread 0x000000001bc3b000   26       3       java.lang.StringBuilder::append (8 bytes)
Event: 0.107 Thread 0x000000001bc3b000 nmethod 26 0x0000000002b36050 code [0x0000000002b361c0, 0x0000000002b36348]
Event: 0.107 Thread 0x000000001bc3b000   27       3       java.lang.String::indexOf (7 bytes)
Event: 0.107 Thread 0x000000001bc3b000 nmethod 27 0x0000000002b35c50 code [0x0000000002b35dc0, 0x0000000002b35fc8]
Event: 0.108 Thread 0x000000001bc3b000   28       3       java.lang.CharacterDataLatin1::toUpperCase (53 bytes)
Event: 0.108 Thread 0x000000001bc3b000 nmethod 28 0x0000000002b35690 code [0x0000000002b35800, 0x0000000002b35af0]
Event: 0.108 Thread 0x000000001bc3b000   29       3       java.lang.String::startsWith (72 bytes)
Event: 0.108 Thread 0x000000001bc3b000 nmethod 29 0x0000000002b35010 code [0x0000000002b35180, 0x0000000002b354b0]
Event: 0.125 Thread 0x000000001bc3b000   30       3       java.lang.System::getSecurityManager (4 bytes)
Event: 0.125 Thread 0x000000001bc3b000 nmethod 30 0x0000000002b34d10 code [0x0000000002b34e60, 0x0000000002b34fb0]

GC Heap History (0 events):
No events

Deoptimization events (0 events):
No events

Internal exceptions (2 events):
Event: 0.039 Thread 0x0000000002920800 Exception <a 'java/lang/NoSuchMethodError': Method sun.misc.Unsafe.defineClass(Ljava/lang/String;[BII)Ljava/lang/Class; name or signature does not match> (0x000000076da07ca8) thrown at [C:\re\workspace\8-2-build-windows-amd64-cygwin\jdk8u131\8869\hotspot\
Event: 0.039 Thread 0x0000000002920800 Exception <a 'java/lang/NoSuchMethodError': Method sun.misc.Unsafe.prefetchRead(Ljava/lang/Object;J)V name or signature does not match> (0x000000076da07f90) thrown at [C:\re\workspace\8-2-build-windows-amd64-cygwin\jdk8u131\8869\hotspot\src\share\vm\prims

Events (10 events):
Event: 0.134 loading class sun/nio/ch/Util
Event: 0.134 loading class sun/nio/ch/Util done
Event: 0.134 loading class sun/nio/ch/Util$2
Event: 0.134 loading class sun/nio/ch/Util$2 done
Event: 0.134 loading class sun/nio/ch/Util$1
Event: 0.134 loading class sun/nio/ch/Util$1 done
Event: 0.134 loading class sun/nio/ch/Util$BufferCache
Event: 0.134 loading class sun/nio/ch/Util$BufferCache done
Event: 0.134 loading class java/nio/DirectByteBuffer$Deallocator
Event: 0.134 loading class java/nio/DirectByteBuffer$Deallocator done


Dynamic libraries:
0x00007ff77b550000 - 0x00007ff77b587000 	C:\Program Files\Java\jre1.8.0_131\bin\javaw.exe
0x00007ffe74da0000 - 0x00007ffe74f7b000 	C:\WINDOWS\SYSTEM32\ntdll.dll
0x00007ffe74580000 - 0x00007ffe7462e000 	C:\WINDOWS\System32\KERNEL32.DLL
0x00007ffe71f00000 - 0x00007ffe72149000 	C:\WINDOWS\System32\KERNELBASE.dll
0x00007ffe74b50000 - 0x00007ffe74bf1000 	C:\WINDOWS\System32\ADVAPI32.dll
0x00007ffe73990000 - 0x00007ffe73a2d000 	C:\WINDOWS\System32\msvcrt.dll
0x00007ffe73ca0000 - 0x00007ffe73cf9000 	C:\WINDOWS\System32\sechost.dll
0x00007ffe74630000 - 0x00007ffe74755000 	C:\WINDOWS\System32\RPCRT4.dll
0x00007ffe72300000 - 0x00007ffe7244a000 	C:\WINDOWS\System32\USER32.dll
0x00007ffe722e0000 - 0x00007ffe722fe000 	C:\WINDOWS\System32\win32u.dll
0x00007ffe72450000 - 0x00007ffe72477000 	C:\WINDOWS\System32\GDI32.dll
0x00007ffe72150000 - 0x00007ffe722d8000 	C:\WINDOWS\System32\gdi32full.dll
0x00007ffe71e00000 - 0x00007ffe71e9a000 	C:\WINDOWS\System32\msvcp_win.dll
0x00007ffe71d00000 - 0x00007ffe71df6000 	C:\WINDOWS\System32\ucrtbase.dll
0x00007ffe56b30000 - 0x00007ffe56d97000 	C:\WINDOWS\WinSxS\amd64_microsoft.windows.common-controls_6595b64144ccf1df_6.0.15063.483_none_26002d27e7c744a2\COMCTL32.dll
0x00007ffe73d00000 - 0x00007ffe73ff9000 	C:\WINDOWS\System32\combase.dll
0x00007ffe71490000 - 0x00007ffe714fa000 	C:\WINDOWS\System32\bcryptPrimitives.dll
0x00007ffe72480000 - 0x00007ffe724ad000 	C:\WINDOWS\System32\IMM32.DLL
0x00000000691d0000 - 0x00000000692a2000 	C:\Program Files\Java\jre1.8.0_131\bin\msvcr100.dll
0x0000000067ac0000 - 0x000000006835c000 	C:\Program Files\Java\jre1.8.0_131\bin\server\jvm.dll
0x00007ffe73a30000 - 0x00007ffe73a38000 	C:\WINDOWS\System32\PSAPI.DLL
0x00007ffe55360000 - 0x00007ffe55369000 	C:\WINDOWS\SYSTEM32\WSOCK32.dll
0x00007ffe740d0000 - 0x00007ffe7413c000 	C:\WINDOWS\System32\WS2_32.dll
0x00007ffe6f440000 - 0x00007ffe6f463000 	C:\WINDOWS\SYSTEM32\WINMM.dll
0x00007ffe6dd50000 - 0x00007ffe6dd5a000 	C:\WINDOWS\SYSTEM32\VERSION.dll
0x00007ffe6f410000 - 0x00007ffe6f43b000 	C:\WINDOWS\SYSTEM32\WINMMBASE.dll
0x00007ffe71c00000 - 0x00007ffe71c49000 	C:\WINDOWS\System32\cfgmgr32.dll
0x0000000069a80000 - 0x0000000069a8f000 	C:\Program Files\Java\jre1.8.0_131\bin\verify.dll
0x0000000069320000 - 0x0000000069349000 	C:\Program Files\Java\jre1.8.0_131\bin\java.dll
0x0000000069a60000 - 0x0000000069a76000 	C:\Program Files\Java\jre1.8.0_131\bin\zip.dll
0x00007ffe72550000 - 0x00007ffe73986000 	C:\WINDOWS\System32\SHELL32.dll
0x00007ffe74760000 - 0x00007ffe7480a000 	C:\WINDOWS\System32\shcore.dll
0x00007ffe71500000 - 0x00007ffe71bf3000 	C:\WINDOWS\System32\windows.storage.dll
0x00007ffe74ce0000 - 0x00007ffe74d31000 	C:\WINDOWS\System32\shlwapi.dll
0x00007ffe712a0000 - 0x00007ffe712b1000 	C:\WINDOWS\System32\kernel.appcore.dll
0x00007ffe71230000 - 0x00007ffe7127c000 	C:\WINDOWS\System32\powrprof.dll
0x00007ffe71210000 - 0x00007ffe71225000 	C:\WINDOWS\System32\profapi.dll
0x00007ffe69d20000 - 0x00007ffe69d2c000 	E:\openalpr-2.3.0\NumberPlateDetection\NumberPlate\jni\openalprjni.dll
0x00007ffe63e30000 - 0x00007ffe63e47000 	C:\WINDOWS\SYSTEM32\VCRUNTIME140.dll
0x00007ffe49900000 - 0x00007ffe4999e000 	C:\WINDOWS\SYSTEM32\MSVCP140.dll
0x00007ffe710d0000 - 0x00007ffe710db000 	C:\WINDOWS\SYSTEM32\CRYPTBASE.DLL
0x00007ffe25f60000 - 0x00007ffe264b8000 	E:\openalpr-2.3.0\openalpr_64\openalpr.dll
0x00007ffe3f6e0000 - 0x00007ffe3f9d6000 	E:\openalpr-2.3.0\openalpr_64\liblept170.dll
0x00007ffe20010000 - 0x00007ffe20d8f000 	E:\openalpr-2.3.0\openalpr_64\opencv_world300.dll
0x00007ffe73b50000 - 0x00007ffe73c95000 	C:\WINDOWS\System32\ole32.dll
0x00007ffe74010000 - 0x00007ffe740d0000 	C:\WINDOWS\System32\OLEAUT32.dll
0x00007ffe73a40000 - 0x00007ffe73b48000 	C:\WINDOWS\System32\COMDLG32.dll
0x00007ffe6e1a0000 - 0x00007ffe6e1c9000 	C:\WINDOWS\SYSTEM32\MSVFW32.dll
0x00007ffe6e1d0000 - 0x00007ffe6e1ef000 	C:\WINDOWS\SYSTEM32\AVIFIL32.dll
0x00007ffe6e180000 - 0x00007ffe6e198000 	C:\WINDOWS\SYSTEM32\AVICAP32.dll
0x00007ffe498a0000 - 0x00007ffe498f1000 	C:\WINDOWS\SYSTEM32\CONCRT140.dll
0x00007ffe40c90000 - 0x00007ffe40cac000 	C:\WINDOWS\SYSTEM32\MSACM32.dll
0x0000000069300000 - 0x000000006931a000 	C:\Program Files\Java\jre1.8.0_131\bin\net.dll
0x00007ffe70ac0000 - 0x00007ffe70b1c000 	C:\WINDOWS\system32\mswsock.dll
0x00000000692e0000 - 0x00000000692f1000 	C:\Program Files\Java\jre1.8.0_131\bin\nio.dll
0x00007ffe63dd0000 - 0x00007ffe63dee000 	C:\WINDOWS\SYSTEM32\OpenCL.dll
0x00007ffe622f0000 - 0x00007ffe6235b000 	C:\WINDOWS\System32\DriverStore\FileRepository\igdlh64.inf_amd64_1ee0e91871b217e3\IntelOpenCL64.dll
0x00007ffe440c0000 - 0x00007ffe44297000 	C:\Program Files (x86)\Common Files\Intel\OpenCL\bin\x64\intelocl64.dll
0x00007ffe45410000 - 0x00007ffe454ae000 	C:\Program Files (x86)\Common Files\Intel\OpenCL\bin\x64\task_executor64.dll
0x00007ffe4a9d0000 - 0x00007ffe4aaf1000 	C:\WINDOWS\SYSTEM32\OPENGL32.dll
0x00007ffe4abe0000 - 0x00007ffe4ac0c000 	C:\WINDOWS\SYSTEM32\GLU32.dll
0x00007ffe44e80000 - 0x00007ffe44f58000 	C:\Program Files (x86)\Common Files\Intel\OpenCL\bin\x64\cpu_device64.dll
0x00007ffe2a190000 - 0x00007ffe2a861000 	C:\WINDOWS\System32\DriverStore\FileRepository\igdlh64.inf_amd64_1ee0e91871b217e3\igdrcl64.dll
0x00007ffe70210000 - 0x00007ffe702b4000 	C:\WINDOWS\SYSTEM32\dxgi.dll
0x00007ffe4e400000 - 0x00007ffe4e447000 	C:\WINDOWS\System32\DriverStore\FileRepository\igdlh64.inf_amd64_1ee0e91871b217e3\igdfcl64.dll
0x00007ffe341c0000 - 0x00007ffe3485c000 	C:\WINDOWS\System32\DriverStore\FileRepository\igdlh64.inf_amd64_1ee0e91871b217e3\igdmcl64.dll
0x00007ffe60b80000 - 0x00007ffe60d29000 	C:\WINDOWS\SYSTEM32\dbghelp.dll
0x00007ffe68bc0000 - 0x00007ffe69d1c000 	C:\WINDOWS\System32\DriverStore\FileRepository\igdlh64.inf_amd64_1ee0e91871b217e3\igc64.dll

VM Arguments:
jvm_args: -Djava.library.path=E:\openalpr-2.3.0\NumberPlateDetection\NumberPlate\jni -Dfile.encoding=Cp1252 
java_command: alpr.numberPlateRecognition
java_class_path (initial): E:\openalpr-2.3.0\NumberPlateDetection\NumberPlate\bin
Launcher Type: SUN_STANDARD

Environment Variables:
PATH=C:/Program Files/Java/jre1.8.0_131/bin/server;C:/Program Files/Java/jre1.8.0_131/bin;C:/Program Files/Java/jre1.8.0_131/lib/amd64;"C:\ProgramData\Oracle\Java\javapath;E:\openalpr-2.3.0\openalpr_64;E:\openalpr-2.3.0\openalpr_64";C:\WINDOWS\system32;C:\WINDOWS;C:\WINDOWS\System32\Wbem;C:\WINDOWS\System32\WindowsPowerShell\v1.0\;C:\Program Files (x86)\Skype\Phone\;C:\Program Files\Git\cmd;E:\apache-opennlp-1.8.0-bin.zip\apache-opennlp-1.8.0\bin;C:\Program Files\Java\jdk1.8.0_131\bin;C:\Program Files\Intel\WiFi\bin\;C:\Program Files\Common Files\Intel\WirelessCommon\;C:\Users\aptus\AppData\Local\Programs\Python\Python35\Scripts\;C:\Users\aptus\AppData\Local\Programs\Python\Python35\;C:\Users\aptus\AppData\Local\Programs\Python\Python36\Scripts\;C:\Users\aptus\AppData\Local\Programs\Python\Python36\;C:\Users\aptus\AppData\Local\Microsoft\WindowsApps;C:\Users\aptus\AppData\Local\atom\bin;C:\Users\aptus\Geckodriver;C:\Program Files\Intel\WiFi\bin\;C:\Program Files\Common Files\Intel\WirelessCommon\;E:\eclipse-jee-neon-3-win32-x86_64\eclipse;
USERNAME=aptus
OS=Windows_NT
PROCESSOR_IDENTIFIER=Intel64 Family 6 Model 78 Stepping 3, GenuineIntel



---------------  S Y S T E M  ---------------

OS: Windows 10.0 , 64 bit Build 15063 (10.0.15063.296)

CPU:total 4 (initial active 4) (2 cores per cpu, 2 threads per core) family 6 model 78 stepping 3, cmov, cx8, fxsr, mmx, sse, sse2, sse3, ssse3, sse4.1, sse4.2, popcnt, avx, avx2, aes, clmul, erms, 3dnowpref, lzcnt, ht, tsc, tscinvbit, bmi1, bmi2, adx

Memory: 4k page, physical 16190832k(8524064k free), swap 20122992k(8995232k free)

vm_info: Java HotSpot(TM) 64-Bit Server VM (25.131-b11) for windows-amd64 JRE (1.8.0_131-b11), built on Mar 15 2017 01:23:53 by "java_re" with MS VC++ 10.0 (VS2010)

time: Wed Sep 27 14:49:01 2017
elapsed time: 0 seconds (0d 0h 0m 0s)

